<?xml version="1.0" encoding="UTF-8" ?>
<testsuite errors="0" failures="1" hostname="pingouin" name="edu.ujf.tests.utils.TestA" skipped="0" tests="1" time="0.061" timestamp="2015-09-22T07:54:45">
  <properties>
[...]
</properties>
  <testcase classname="edu.ujf.tests.utils.TestA" name="test" time="0.007">
    <failure message="Not yet implemented" type="junit.framework.AssertionFailedError">junit.framework.AssertionFailedError: Not yet implemented
	at edu.ujf.tests.utils.TestA.test(TestA.java:14)
</failure>
  </testcase>
  <system-out><![CDATA[]]></system-out>
  <system-err><![CDATA[]]></system-err>
</testsuite>
