# JRE version: Java(TM) SE Runtime Environment (8.0_31-b13) (build 1.8.0_31-b13)
# Java VM: Java HotSpot(TM) 64-Bit Server VM (25.31-b07 mixed mode linux-amd64 compressed oops)
Heap:
 PSYoungGen      total 49152K, used 0K [0x00000000fab00000, 0x00000000ffd00000, 0x0000000100000000)
  eden space 26624K, 0% used [0x00000000fab00000,0x00000000fab00000,0x00000000fc500000)
  from space 22528K, 0% used [0x00000000fc580000,0x00000000fc580000,0x00000000fdb80000)
  to   space 28672K, 0% used [0x00000000fe100000,0x00000000fe100000,0x00000000ffd00000)
 ParOldGen       total 87040K, used 46296K [0x00000000f0000000, 0x00000000f5500000, 0x00000000fab00000)
  object space 87040K, 53% used [0x00000000f0000000,0x00000000f2d36300,0x00000000f5500000)
 Metaspace       used 47023K, capacity 49550K, committed 50176K, reserved 1091584K
  class space    used 6770K, capacity 7593K, committed 7680K, reserved 1048576K
GC Heap History (10 events):
Event: 535,013 GC heap after
Heap after GC invocations=43 (full 4):
 PSYoungGen      total 45568K, used 16428K [0x00000000fab00000, 0x00000000fff00000, 0x0000000100000000)
  eden space 28672K, 0% used [0x00000000fab00000,0x00000000fab00000,0x00000000fc700000)
  from space 16896K, 97% used [0x00000000fc800000,0x00000000fd80b1b8,0x00000000fd880000)
  to   space 28672K, 0% used [0x00000000fe300000,0x00000000fe300000,0x00000000fff00000)
 ParOldGen       total 77824K, used 37347K [0x00000000f0000000, 0x00000000f4c00000, 0x00000000fab00000)
  object space 77824K, 47% used [0x00000000f0000000,0x00000000f2478d30,0x00000000f4c00000)
 Metaspace       used 46981K, capacity 49612K, committed 49920K, reserved 1091584K
  class space    used 6788K, capacity 7646K, committed 7680K, reserved 1048576K
}
Event: 894,675 GC heap before
{Heap before GC invocations=44 (full 4):
 PSYoungGen      total 45568K, used 44710K [0x00000000fab00000, 0x00000000fff00000, 0x0000000100000000)
  eden space 28672K, 98% used [0x00000000fab00000,0x00000000fc69e670,0x00000000fc700000)
  from space 16896K, 97% used [0x00000000fc800000,0x00000000fd80b1b8,0x00000000fd880000)
  to   space 28672K, 0% used [0x00000000fe300000,0x00000000fe300000,0x00000000fff00000)
 ParOldGen       total 77824K, used 37347K [0x00000000f0000000, 0x00000000f4c00000, 0x00000000fab00000)
  object space 77824K, 47% used [0x00000000f0000000,0x00000000f2478d30,0x00000000f4c00000)
 Metaspace       used 47155K, capacity 49804K, committed 50176K, reserved 1091584K
  class space    used 6798K, capacity 7646K, committed 7680K, reserved 1048576K
Event: 894,684 GC heap after
Heap after GC invocations=44 (full 4):
 PSYoungGen      total 56320K, used 21954K [0x00000000fab00000, 0x00000000ffe80000, 0x0000000100000000)
  eden space 28160K, 0% used [0x00000000fab00000,0x00000000fab00000,0x00000000fc680000)
  from space 28160K, 77% used [0x00000000fe300000,0x00000000ff870b48,0x00000000ffe80000)
  to   space 28672K, 0% used [0x00000000fc680000,0x00000000fc680000,0x00000000fe280000)
 ParOldGen       total 77824K, used 37355K [0x00000000f0000000, 0x00000000f4c00000, 0x00000000fab00000)
  object space 77824K, 47% used [0x00000000f0000000,0x00000000f247ad30,0x00000000f4c00000)
 Metaspace       used 47155K, capacity 49804K, committed 50176K, reserved 1091584K
  class space    used 6798K, capacity 7646K, committed 7680K, reserved 1048576K
}
Event: 898,400 GC heap before
{Heap before GC invocations=45 (full 4):
 PSYoungGen      total 56320K, used 50114K [0x00000000fab00000, 0x00000000ffe80000, 0x0000000100000000)
  eden space 28160K, 100% used [0x00000000fab00000,0x00000000fc680000,0x00000000fc680000)
  from space 28160K, 77% used [0x00000000fe300000,0x00000000ff870b48,0x00000000ffe80000)
  to   space 28672K, 0% used [0x00000000fc680000,0x00000000fc680000,0x00000000fe280000)
 ParOldGen       total 77824K, used 37355K [0x00000000f0000000, 0x00000000f4c00000, 0x00000000fab00000)
  object space 77824K, 47% used [0x00000000f0000000,0x00000000f247ad30,0x00000000f4c00000)
 Metaspace       used 47199K, capacity 49804K, committed 50176K, reserved 1091584K
  class space    used 6799K, capacity 7646K, committed 7680K, reserved 1048576K
Event: 898,413 GC heap after
Heap after GC invocations=45 (full 4):
 PSYoungGen      total 32768K, used 4698K [0x00000000fab00000, 0x00000000ffe00000, 0x0000000100000000)
  eden space 27648K, 0% used [0x00000000fab00000,0x00000000fab00000,0x00000000fc600000)
  from space 5120K, 91% used [0x00000000fc680000,0x00000000fcb16a70,0x00000000fcb80000)
  to   space 28672K, 0% used [0x00000000fe200000,0x00000000fe200000,0x00000000ffe00000)
 ParOldGen       total 77824K, used 37363K [0x00000000f0000000, 0x00000000f4c00000, 0x00000000fab00000)
  object space 77824K, 48% used [0x00000000f0000000,0x00000000f247cd30,0x00000000f4c00000)
 Metaspace       used 47199K, capacity 49804K, committed 50176K, reserved 1091584K
  class space    used 6799K, capacity 7646K, committed 7680K, reserved 1048576K
}
Event: 916,226 GC heap before
{Heap before GC invocations=46 (full 4):
 PSYoungGen      total 32768K, used 26646K [0x00000000fab00000, 0x00000000ffe00000, 0x0000000100000000)
  eden space 27648K, 79% used [0x00000000fab00000,0x00000000fc06f0f8,0x00000000fc600000)
  from space 5120K, 91% used [0x00000000fc680000,0x00000000fcb16a70,0x00000000fcb80000)
  to   space 28672K, 0% used [0x00000000fe200000,0x00000000fe200000,0x00000000ffe00000)
 ParOldGen       total 77824K, used 37363K [0x00000000f0000000, 0x00000000f4c00000, 0x00000000fab00000)
  object space 77824K, 48% used [0x00000000f0000000,0x00000000f247cd30,0x00000000f4c00000)
 Metaspace       used 47213K, capacity 49804K, committed 50176K, reserved 1091584K
  class space    used 6799K, capacity 7646K, committed 7680K, reserved 1048576K
Event: 916,242 GC heap after
Heap after GC invocations=46 (full 4):
 PSYoungGen      total 55296K, used 23284K [0x00000000fab00000, 0x00000000ffd80000, 0x0000000100000000)
  eden space 27136K, 0% used [0x00000000fab00000,0x00000000fab00000,0x00000000fc580000)
  from space 28160K, 82% used [0x00000000fe200000,0x00000000ff8bd258,0x00000000ffd80000)
  to   space 28672K, 0% used [0x00000000fc580000,0x00000000fc580000,0x00000000fe180000)
 ParOldGen       total 77824K, used 48228K [0x00000000f0000000, 0x00000000f4c00000, 0x00000000fab00000)
  object space 77824K, 61% used [0x00000000f0000000,0x00000000f2f19038,0x00000000f4c00000)
 Metaspace       used 47213K, capacity 49804K, committed 50176K, reserved 1091584K
  class space    used 6799K, capacity 7646K, committed 7680K, reserved 1048576K
}
Event: 946,798 GC heap before
{Heap before GC invocations=47 (full 4):
 PSYoungGen      total 55296K, used 50420K [0x00000000fab00000, 0x00000000ffd80000, 0x0000000100000000)
  eden space 27136K, 100% used [0x00000000fab00000,0x00000000fc580000,0x00000000fc580000)
  from space 28160K, 82% used [0x00000000fe200000,0x00000000ff8bd258,0x00000000ffd80000)
  to   space 28672K, 0% used [0x00000000fc580000,0x00000000fc580000,0x00000000fe180000)
 ParOldGen       total 77824K, used 48228K [0x00000000f0000000, 0x00000000f4c00000, 0x00000000fab00000)
  object space 77824K, 61% used [0x00000000f0000000,0x00000000f2f19038,0x00000000f4c00000)
 Metaspace       used 47223K, capacity 49868K, committed 50176K, reserved 1091584K
  class space    used 6800K, capacity 7646K, committed 7680K, reserved 1048576K
Event: 946,938 GC heap after
Heap after GC invocations=47 (full 4):
 PSYoungGen      total 49152K, used 22398K [0x00000000fab00000, 0x00000000ffd00000, 0x0000000100000000)
  eden space 26624K, 0% used [0x00000000fab00000,0x00000000fab00000,0x00000000fc500000)
  from space 22528K, 99% used [0x00000000fc580000,0x00000000fdb5fb40,0x00000000fdb80000)
  to   space 28672K, 0% used [0x00000000fe100000,0x00000000fe100000,0x00000000ffd00000)
 ParOldGen       total 87040K, used 84907K [0x00000000f0000000, 0x00000000f5500000, 0x00000000fab00000)
  object space 87040K, 97% used [0x00000000f0000000,0x00000000f52eadc0,0x00000000f5500000)
 Metaspace       used 47223K, capacity 49868K, committed 50176K, reserved 1091584K
  class space    used 6800K, capacity 7646K, committed 7680K, reserved 1048576K
}
Event: 947,555 GC heap before
{Heap before GC invocations=48 (full 5):
 PSYoungGen      total 49152K, used 22398K [0x00000000fab00000, 0x00000000ffd00000, 0x0000000100000000)
  eden space 26624K, 0% used [0x00000000fab00000,0x00000000fab00000,0x00000000fc500000)
  from space 22528K, 99% used [0x00000000fc580000,0x00000000fdb5fb40,0x00000000fdb80000)
  to   space 28672K, 0% used [0x00000000fe100000,0x00000000fe100000,0x00000000ffd00000)
 ParOldGen       total 87040K, used 84907K [0x00000000f0000000, 0x00000000f5500000, 0x00000000fab00000)
  object space 87040K, 97% used [0x00000000f0000000,0x00000000f52eadc0,0x00000000f5500000)
 Metaspace       used 47223K, capacity 49868K, committed 50176K, reserved 1091584K
  class space    used 6800K, capacity 7646K, committed 7680K, reserved 1048576K

